2025.07.29 16:57-modules.persons.src.parser.names_parser.names_parser-WARNING: Could not parse name with only 1 part: Arbeitsstätte
2025.07.29 16:57-modules.persons.src.parser.names_parser.names_parser-WARNING: Could not parse name with only 1 part: Badanstalten
2025.07.29 16:57-modules.persons.src.parser.names_parser.names_parser-WARNING: Could not parse name with only 1 part: Brausebad
2025.07.29 16:57-modules.persons.src.parser.names_parser.names_parser-WARNING: Could not parse name with only 1 part: Centralbahn
2025.07.29 16:57-modules.persons.src.parser.names_parser.names_parser-WARNING: Could not parse name with only 1 part: Ferlenheim
2025.07.29 16:57-modules.persons.src.parser.names_parser.names_parser-WARNING: Could not parse name with only 1 part: Feuerschau
2025.07.29 16:57-modules.persons.src.parser.names_parser.names_parser-WARNING: Could not parse name with only 1 part: Finanzdepartement
2025.07.29 16:57-modules.persons.src.parser.names_parser.names_parser-WARNING: Could not parse name with only 1 part: Ganthaus
2025.07.29 16:57-modules.persons.src.parser.names_parser.names_parser-WARNING: Could not parse name: Harder Von HarderGeb.Von Tiesenhhausen Julie
2025.07.29 16:57-modules.persons.src.parser.names_parser.names_parser-WARNING: Could not parse name with only 1 part: Irrenanstalt
2025.07.29 16:57-modules.persons.src.parser.names_parser.names_parser-WARNING: Could not parse name with only 1 part: Kantonschemiker
2025.07.29 16:57-modules.persons.src.parser.names_parser.names_parser-WARNING: Could not parse name with only 1 part: Kantonssterarzt
2025.07.29 16:57-modules.persons.src.parser.names_parser.names_parser-WARNING: Could not parse name: Kassenverwaltung Des Stadttheaters in Basel
2025.07.29 16:57-modules.persons.src.parser.names_parser.names_parser-WARNING: Could not parse name with only 1 part: Klarakirche
2025.07.29 16:57-modules.persons.src.parser.names_parser.names_parser-WARNING: Could not parse name with only 1 part: Krematorium
2025.07.29 16:57-modules.persons.src.parser.names_parser.names_parser-WARNING: Could not parse name with only 1 part: Kunstausstellung
2025.07.29 16:57-modules.persons.src.parser.names_parser.names_parser-WARNING: Could not parse name with only 1 part: Lorentz
2025.07.29 16:57-modules.persons.src.parser.names_parser.names_parser-WARNING: Could not parse name with only 1 part: Lukaskapelle
2025.07.29 16:57-modules.persons.src.parser.names_parser.names_parser-WARNING: Could not parse name with only 1 part: Matthäuskirche
2025.07.29 16:57-modules.persons.src.parser.names_parser.names_parser-WARNING: Could not parse name with only 1 part: Predigerkirche
2025.07.29 16:57-modules.persons.src.parser.names_parser.names_parser-WARNING: Could not parse name with only 1 part: Rettungsanst.
2025.07.29 16:57-modules.persons.src.parser.names_parser.names_parser-WARNING: Could not parse name with only 1 part: Sänger
2025.07.29 16:57-modules.persons.src.parser.names_parser.names_parser-WARNING: Could not parse name: Von Arx Von Däniken Alfons
2025.07.29 16:57-modules.persons.src.parser.names_parser.names_parser-WARNING: Could not parse name with only 1 part: Weitnauer
2025.07.29 16:57-modules.persons.src.parser.names_parser.names_parser-WARNING: Could not parse name: Werthemann Von Werther-Von Cichonska Baronin Isabella
2025.07.29 16:57-modules.persons.src.parser.names_parser.names_parser-WARNING: Could not parse name: Harder Von HarderGeb.Von Tiesenhhausen Julie
2025.07.29 16:57-modules.persons.src.parser.names_parser.names_parser-WARNING: Could not parse name: Kassenverwaltung Des Stadttheaters in Basel
2025.07.29 16:57-modules.persons.src.parser.names_parser.names_parser-WARNING: Could not parse name: Von Arx Von Däniken Alfons
2025.07.29 16:57-__main__-INFO: Saved persons from year '1899' to 'db' at '/Users/oliver/Documents/Job/Multigen Social Mobility in CH/Repos/address-books-parser/data/persons/db/Jul 29 - 1657.db'
2025.07.29 16:57-modules.persons.src.parser.names_parser.names_parser-WARNING: Could not parse name with only 1 part: Arbeitshütte
2025.07.29 16:57-modules.persons.src.parser.names_parser.names_parser-WARNING: Could not parse name: De Spirit (-De Spirit) Luigi
2025.07.29 16:57-modules.persons.src.parser.names_parser.names_parser-WARNING: Could not parse name: Fenner en gros en détail
2025.07.29 16:57-modules.persons.src.parser.names_parser.names_parser-WARNING: Could not parse name with only 1 part: Ferlenheim
2025.07.29 16:57-modules.persons.src.parser.names_parser.names_parser-WARNING: Could not parse name with only 1 part: Feuerschau
2025.07.29 16:57-modules.persons.src.parser.names_parser.names_parser-WARNING: Could not parse name with only 1 part: Finanzdepartemente
2025.07.29 16:57-modules.persons.src.parser.names_parser.names_parser-WARNING: Could not parse name with only 1 part: Ganthaus
2025.07.29 16:57-modules.persons.src.parser.names_parser.names_parser-WARNING: Could not parse name: Harder Von HarderGeb.Von Tiesenhausen Julie
2025.07.29 16:57-modules.persons.src.parser.names_parser.names_parser-WARNING: Could not parse name with only 1 part: Hartmann
